<?xml version="1.0" encoding="UTF-8"?>
<!-- Generated by org.testng.reporters.JUnitReportReporter -->
<testsuite hostname="Navdeeps-Laptop.Dlink" failures="0" tests="1" name="TestTisoAssignment.TestTisoAssignment.BillingAndProductCRUD" time="28.803" errors="0" timestamp="2024-12-28T17:11:09 IST" skipped="0">
  <testcase classname="TestTisoAssignment.TestTisoAssignment.BillingAndProductCRUD" name="testLoginAndProductCRUD" time="28.803"/>
</testsuite> <!-- TestTisoAssignment.TestTisoAssignment.BillingAndProductCRUD -->
